<?xml version="1.0" encoding="UTF-8"?>
<!-- Generated by org.testng.reporters.JUnitReportReporter -->
<testsuite skipped="0" hostname="DESKTOP-RIUS5ET" name="ups.pack.testRunner.UpsShipingTest" tests="1" failures="0" timestamp="12 Dec 2019 22:55:14 GMT" time="2.324" errors="0">
  <testcase name="shippingTest" time="2.324" classname="ups.pack.testRunner.UpsShipingTest"/>
</testsuite> <!-- ups.pack.testRunner.UpsShipingTest -->
